# JRE version: OpenJDK Runtime Environment (21.0.5) (build 21.0.5+-13047016-b750.29)
# Java VM: OpenJDK 64-Bit Server VM (21.0.5+-13047016-b750.29, mixed mode, tiered, compressed oops, compressed class ptrs, g1 gc, windows-amd64)
GC Precious Log:
 CardTable entry size: 512
 Card Set container configuration: InlinePtr #cards 5 size 8 Array Of Cards #cards 12 size 40 Howl #buckets 4 coarsen threshold 1843 Howl Bitmap #cards 512 size 80 coarsen threshold 460 Card regions per heap region 1 cards per card region 2048
 CPUs: 12 total, 12 available
 Memory: 16027M
 Large Page Support: Disabled
 NUMA Support: Disabled
 Compressed Oops: Enabled (32-bit)
 Heap Region Size: 1M
 Heap Min Capacity: 8M
 Heap Initial Capacity: 252M
 Heap Max Capacity: 2G
 Pre-touch: Disabled
 Parallel Workers: 10
 Concurrent Workers: 3
 Concurrent Refinement Workers: 10
 Periodic GC: Disabled
Heap:
 garbage-first heap   total 305152K, used 206848K [0x0000000080000000, 0x0000000100000000)
  region size 1024K, 39 young (39936K), 16 survivors (16384K)
 Metaspace       used 154506K, committed 156800K, reserved 1245184K
  class space    used 19259K, committed 20416K, reserved 1048576K
GC Heap History (20 events):
Event: 222.312 GC heap before
{Heap before GC invocations=87 (full 0):
 garbage-first heap   total 276480K, used 253727K [0x0000000080000000, 0x0000000100000000)
  region size 1024K, 158 young (161792K), 11 survivors (11264K)
 Metaspace       used 154105K, committed 156352K, reserved 1245184K
  class space    used 19225K, committed 20352K, reserved 1048576K
}
Event: 222.322 GC heap after
{Heap after GC invocations=88 (full 0):
 garbage-first heap   total 276480K, used 107390K [0x0000000080000000, 0x0000000100000000)
  region size 1024K, 14 young (14336K), 14 survivors (14336K)
 Metaspace       used 154105K, committed 156352K, reserved 1245184K
  class space    used 19225K, committed 20352K, reserved 1048576K
}
Event: 222.569 GC heap before
{Heap before GC invocations=88 (full 0):
 garbage-first heap   total 276480K, used 246654K [0x0000000080000000, 0x0000000100000000)
  region size 1024K, 150 young (153600K), 14 survivors (14336K)
 Metaspace       used 154136K, committed 156416K, reserved 1245184K
  class space    used 19225K, committed 20352K, reserved 1048576K
}
Event: 222.578 GC heap after
{Heap after GC invocations=89 (full 0):
 garbage-first heap   total 276480K, used 110734K [0x0000000080000000, 0x0000000100000000)
  region size 1024K, 13 young (13312K), 13 survivors (13312K)
 Metaspace       used 154136K, committed 156416K, reserved 1245184K
  class space    used 19225K, committed 20352K, reserved 1048576K
}
Event: 222.777 GC heap before
{Heap before GC invocations=89 (full 0):
 garbage-first heap   total 276480K, used 246926K [0x0000000080000000, 0x0000000100000000)
  region size 1024K, 147 young (150528K), 13 survivors (13312K)
 Metaspace       used 154174K, committed 156416K, reserved 1245184K
  class space    used 19225K, committed 20352K, reserved 1048576K
}
Event: 222.783 GC heap after
{Heap after GC invocations=90 (full 0):
 garbage-first heap   total 276480K, used 113741K [0x0000000080000000, 0x0000000100000000)
  region size 1024K, 15 young (15360K), 15 survivors (15360K)
 Metaspace       used 154174K, committed 156416K, reserved 1245184K
  class space    used 19225K, committed 20352K, reserved 1048576K
}
Event: 223.472 GC heap before
{Heap before GC invocations=91 (full 0):
 garbage-first heap   total 276480K, used 249933K [0x0000000080000000, 0x0000000100000000)
  region size 1024K, 144 young (147456K), 15 survivors (15360K)
 Metaspace       used 154214K, committed 156480K, reserved 1245184K
  class space    used 19225K, committed 20352K, reserved 1048576K
}
Event: 223.478 GC heap after
{Heap after GC invocations=92 (full 0):
 garbage-first heap   total 276480K, used 121160K [0x0000000080000000, 0x0000000100000000)
  region size 1024K, 13 young (13312K), 13 survivors (13312K)
 Metaspace       used 154214K, committed 156480K, reserved 1245184K
  class space    used 19225K, committed 20352K, reserved 1048576K
}
Event: 223.824 GC heap before
{Heap before GC invocations=92 (full 0):
 garbage-first heap   total 276480K, used 247112K [0x0000000080000000, 0x0000000100000000)
  region size 1024K, 137 young (140288K), 13 survivors (13312K)
 Metaspace       used 154270K, committed 156480K, reserved 1245184K
  class space    used 19225K, committed 20352K, reserved 1048576K
}
Event: 223.832 GC heap after
{Heap after GC invocations=93 (full 0):
 garbage-first heap   total 276480K, used 123730K [0x0000000080000000, 0x0000000100000000)
  region size 1024K, 13 young (13312K), 13 survivors (13312K)
 Metaspace       used 154270K, committed 156480K, reserved 1245184K
  class space    used 19225K, committed 20352K, reserved 1048576K
}
Event: 224.097 GC heap before
{Heap before GC invocations=93 (full 0):
 garbage-first heap   total 276480K, used 247634K [0x0000000080000000, 0x0000000100000000)
  region size 1024K, 135 young (138240K), 13 survivors (13312K)
 Metaspace       used 154310K, committed 156544K, reserved 1245184K
  class space    used 19227K, committed 20352K, reserved 1048576K
}
Event: 224.103 GC heap after
{Heap after GC invocations=94 (full 0):
 garbage-first heap   total 276480K, used 126709K [0x0000000080000000, 0x0000000100000000)
  region size 1024K, 9 young (9216K), 9 survivors (9216K)
 Metaspace       used 154310K, committed 156544K, reserved 1245184K
  class space    used 19227K, committed 20352K, reserved 1048576K
}
Event: 224.731 GC heap before
{Heap before GC invocations=95 (full 0):
 garbage-first heap   total 276480K, used 250613K [0x0000000080000000, 0x0000000100000000)
  region size 1024K, 131 young (134144K), 9 survivors (9216K)
 Metaspace       used 154310K, committed 156544K, reserved 1245184K
  class space    used 19227K, committed 20352K, reserved 1048576K
}
Event: 224.737 GC heap after
{Heap after GC invocations=96 (full 0):
 garbage-first heap   total 276480K, used 129150K [0x0000000080000000, 0x0000000100000000)
  region size 1024K, 11 young (11264K), 11 survivors (11264K)
 Metaspace       used 154310K, committed 156544K, reserved 1245184K
  class space    used 19227K, committed 20352K, reserved 1048576K
}
Event: 225.509 GC heap before
{Heap before GC invocations=96 (full 0):
 garbage-first heap   total 276480K, used 249982K [0x0000000080000000, 0x0000000100000000)
  region size 1024K, 129 young (132096K), 11 survivors (11264K)
 Metaspace       used 154310K, committed 156544K, reserved 1245184K
  class space    used 19227K, committed 20352K, reserved 1048576K
}
Event: 225.518 GC heap after
{Heap after GC invocations=97 (full 0):
 garbage-first heap   total 276480K, used 131368K [0x0000000080000000, 0x0000000100000000)
  region size 1024K, 10 young (10240K), 10 survivors (10240K)
 Metaspace       used 154310K, committed 156544K, reserved 1245184K
  class space    used 19227K, committed 20352K, reserved 1048576K
}
Event: 225.857 GC heap before
{Heap before GC invocations=97 (full 0):
 garbage-first heap   total 276480K, used 212264K [0x0000000080000000, 0x0000000100000000)
  region size 1024K, 90 young (92160K), 10 survivors (10240K)
 Metaspace       used 154310K, committed 156544K, reserved 1245184K
  class space    used 19227K, committed 20352K, reserved 1048576K
}
Event: 225.866 GC heap after
{Heap after GC invocations=98 (full 0):
 garbage-first heap   total 276480K, used 138186K [0x0000000080000000, 0x0000000100000000)
  region size 1024K, 16 young (16384K), 16 survivors (16384K)
 Metaspace       used 154310K, committed 156544K, reserved 1245184K
  class space    used 19227K, committed 20352K, reserved 1048576K
}
Event: 226.783 GC heap before
{Heap before GC invocations=99 (full 0):
 garbage-first heap   total 276480K, used 248778K [0x0000000080000000, 0x0000000100000000)
  region size 1024K, 121 young (123904K), 16 survivors (16384K)
 Metaspace       used 154505K, committed 156800K, reserved 1245184K
  class space    used 19259K, committed 20416K, reserved 1048576K
}
Event: 226.818 GC heap after
{Heap after GC invocations=100 (full 0):
 garbage-first heap   total 305152K, used 181248K [0x0000000080000000, 0x0000000100000000)
  region size 1024K, 16 young (16384K), 16 survivors (16384K)
 Metaspace       used 154505K, committed 156800K, reserved 1245184K
  class space    used 19259K, committed 20416K, reserved 1048576K
}

