# JRE version: OpenJDK Runtime Environment (21.0.5) (build 21.0.5+-13047016-b750.29)
# Java VM: OpenJDK 64-Bit Server VM (21.0.5+-13047016-b750.29, mixed mode, tiered, compressed oops, compressed class ptrs, g1 gc, windows-amd64)
GC Precious Log:
 CardTable entry size: 512
 Card Set container configuration: InlinePtr #cards 5 size 8 Array Of Cards #cards 12 size 40 Howl #buckets 4 coarsen threshold 1843 Howl Bitmap #cards 512 size 80 coarsen threshold 460 Card regions per heap region 1 cards per card region 2048
 CPUs: 12 total, 12 available
 Memory: 16027M
 Large Page Support: Disabled
 NUMA Support: Disabled
 Compressed Oops: Enabled (32-bit)
 Heap Region Size: 1M
 Heap Min Capacity: 8M
 Heap Initial Capacity: 252M
 Heap Max Capacity: 2G
 Pre-touch: Disabled
 Parallel Workers: 10
 Concurrent Workers: 3
 Concurrent Refinement Workers: 10
 Periodic GC: Disabled
Heap:
 garbage-first heap   total 259072K, used 129471K [0x0000000080000000, 0x0000000100000000)
  region size 1024K, 7 young (7168K), 7 survivors (7168K)
 Metaspace       used 58358K, committed 59840K, reserved 1114112K
  class space    used 7923K, committed 8640K, reserved 1048576K
GC Heap History (20 events):
Event: 4.219 GC heap after
{Heap after GC invocations=14 (full 0):
 garbage-first heap   total 121856K, used 53848K [0x0000000080000000, 0x0000000100000000)
  region size 1024K, 7 young (7168K), 7 survivors (7168K)
 Metaspace       used 53494K, committed 54976K, reserved 1114112K
  class space    used 7197K, committed 7936K, reserved 1048576K
}
Event: 4.924 GC heap before
{Heap before GC invocations=14 (full 0):
 garbage-first heap   total 121856K, used 105048K [0x0000000080000000, 0x0000000100000000)
  region size 1024K, 56 young (57344K), 7 survivors (7168K)
 Metaspace       used 57009K, committed 58496K, reserved 1114112K
  class space    used 7778K, committed 8512K, reserved 1048576K
}
Event: 4.932 GC heap after
{Heap after GC invocations=15 (full 0):
 garbage-first heap   total 122880K, used 64097K [0x0000000080000000, 0x0000000100000000)
  region size 1024K, 7 young (7168K), 7 survivors (7168K)
 Metaspace       used 57009K, committed 58496K, reserved 1114112K
  class space    used 7778K, committed 8512K, reserved 1048576K
}
Event: 5.013 GC heap before
{Heap before GC invocations=15 (full 0):
 garbage-first heap   total 122880K, used 93793K [0x0000000080000000, 0x0000000100000000)
  region size 1024K, 38 young (38912K), 7 survivors (7168K)
 Metaspace       used 57620K, committed 59136K, reserved 1114112K
  class space    used 7865K, committed 8576K, reserved 1048576K
}
Event: 5.023 GC heap after
{Heap after GC invocations=16 (full 0):
 garbage-first heap   total 122880K, used 77049K [0x0000000080000000, 0x0000000100000000)
  region size 1024K, 6 young (6144K), 6 survivors (6144K)
 Metaspace       used 57620K, committed 59136K, reserved 1114112K
  class space    used 7865K, committed 8576K, reserved 1048576K
}
Event: 5.129 GC heap before
{Heap before GC invocations=17 (full 0):
 garbage-first heap   total 133120K, used 105721K [0x0000000080000000, 0x0000000100000000)
  region size 1024K, 32 young (32768K), 6 survivors (6144K)
 Metaspace       used 57965K, committed 59520K, reserved 1114112K
  class space    used 7900K, committed 8640K, reserved 1048576K
}
Event: 5.137 GC heap after
{Heap after GC invocations=18 (full 0):
 garbage-first heap   total 133120K, used 90112K [0x0000000080000000, 0x0000000100000000)
  region size 1024K, 4 young (4096K), 4 survivors (4096K)
 Metaspace       used 57965K, committed 59520K, reserved 1114112K
  class space    used 7900K, committed 8640K, reserved 1048576K
}
Event: 5.203 GC heap before
{Heap before GC invocations=18 (full 0):
 garbage-first heap   total 133120K, used 113664K [0x0000000080000000, 0x0000000100000000)
  region size 1024K, 27 young (27648K), 4 survivors (4096K)
 Metaspace       used 58006K, committed 59520K, reserved 1114112K
  class space    used 7900K, committed 8640K, reserved 1048576K
}
Event: 5.213 GC heap after
{Heap after GC invocations=19 (full 0):
 garbage-first heap   total 185344K, used 99762K [0x0000000080000000, 0x0000000100000000)
  region size 1024K, 4 young (4096K), 4 survivors (4096K)
 Metaspace       used 58006K, committed 59520K, reserved 1114112K
  class space    used 7900K, committed 8640K, reserved 1048576K
}
Event: 5.289 GC heap before
{Heap before GC invocations=19 (full 0):
 garbage-first heap   total 185344K, used 122290K [0x0000000080000000, 0x0000000100000000)
  region size 1024K, 28 young (28672K), 4 survivors (4096K)
 Metaspace       used 58039K, committed 59584K, reserved 1114112K
  class space    used 7900K, committed 8640K, reserved 1048576K
}
Event: 5.298 GC heap after
{Heap after GC invocations=20 (full 0):
 garbage-first heap   total 185344K, used 113430K [0x0000000080000000, 0x0000000100000000)
  region size 1024K, 7 young (7168K), 7 survivors (7168K)
 Metaspace       used 58039K, committed 59584K, reserved 1114112K
  class space    used 7900K, committed 8640K, reserved 1048576K
}
Event: 5.402 GC heap before
{Heap before GC invocations=21 (full 0):
 garbage-first heap   total 189440K, used 149270K [0x0000000080000000, 0x0000000100000000)
  region size 1024K, 42 young (43008K), 7 survivors (7168K)
 Metaspace       used 58113K, committed 59584K, reserved 1114112K
  class space    used 7901K, committed 8640K, reserved 1048576K
}
Event: 5.412 GC heap after
{Heap after GC invocations=22 (full 0):
 garbage-first heap   total 189440K, used 126710K [0x0000000080000000, 0x0000000100000000)
  region size 1024K, 6 young (6144K), 6 survivors (6144K)
 Metaspace       used 58113K, committed 59584K, reserved 1114112K
  class space    used 7901K, committed 8640K, reserved 1048576K
}
Event: 5.489 GC heap before
{Heap before GC invocations=22 (full 0):
 garbage-first heap   total 189440K, used 156406K [0x0000000080000000, 0x0000000100000000)
  region size 1024K, 36 young (36864K), 6 survivors (6144K)
 Metaspace       used 58202K, committed 59712K, reserved 1114112K
  class space    used 7901K, committed 8640K, reserved 1048576K
}
Event: 5.498 GC heap after
{Heap after GC invocations=23 (full 0):
 garbage-first heap   total 189440K, used 125891K [0x0000000080000000, 0x0000000100000000)
  region size 1024K, 5 young (5120K), 5 survivors (5120K)
 Metaspace       used 58202K, committed 59712K, reserved 1114112K
  class space    used 7901K, committed 8640K, reserved 1048576K
}
Event: 5.565 GC heap before
{Heap before GC invocations=23 (full 0):
 garbage-first heap   total 189440K, used 158659K [0x0000000080000000, 0x0000000100000000)
  region size 1024K, 37 young (37888K), 5 survivors (5120K)
 Metaspace       used 58210K, committed 59712K, reserved 1114112K
  class space    used 7901K, committed 8640K, reserved 1048576K
}
Event: 5.571 GC heap after
{Heap after GC invocations=24 (full 0):
 garbage-first heap   total 189440K, used 134144K [0x0000000080000000, 0x0000000100000000)
  region size 1024K, 5 young (5120K), 5 survivors (5120K)
 Metaspace       used 58210K, committed 59712K, reserved 1114112K
  class space    used 7901K, committed 8640K, reserved 1048576K
}
Event: 5.668 GC heap before
{Heap before GC invocations=25 (full 0):
 garbage-first heap   total 217088K, used 158720K [0x0000000080000000, 0x0000000100000000)
  region size 1024K, 34 young (34816K), 5 survivors (5120K)
 Metaspace       used 58250K, committed 59776K, reserved 1114112K
  class space    used 7902K, committed 8640K, reserved 1048576K
}
Event: 5.676 GC heap after
{Heap after GC invocations=26 (full 0):
 garbage-first heap   total 217088K, used 138212K [0x0000000080000000, 0x0000000100000000)
  region size 1024K, 5 young (5120K), 5 survivors (5120K)
 Metaspace       used 58250K, committed 59776K, reserved 1114112K
  class space    used 7902K, committed 8640K, reserved 1048576K
}
Event: 5.800 GC heap before
{Heap before GC invocations=26 (full 0):
 garbage-first heap   total 217088K, used 185316K [0x0000000080000000, 0x0000000100000000)
  region size 1024K, 49 young (50176K), 5 survivors (5120K)
 Metaspace       used 58358K, committed 59840K, reserved 1114112K
  class space    used 7923K, committed 8640K, reserved 1048576K
}

