# JRE version: OpenJDK Runtime Environment (21.0.5) (build 21.0.5+-13047016-b750.29)
# Java VM: OpenJDK 64-Bit Server VM (21.0.5+-13047016-b750.29, mixed mode, tiered, compressed oops, compressed class ptrs, g1 gc, windows-amd64)
GC Precious Log:
 CardTable entry size: 512
 Card Set container configuration: InlinePtr #cards 5 size 8 Array Of Cards #cards 12 size 40 Howl #buckets 4 coarsen threshold 1843 Howl Bitmap #cards 512 size 80 coarsen threshold 460 Card regions per heap region 1 cards per card region 2048
 CPUs: 12 total, 12 available
 Memory: 16027M
 Large Page Support: Disabled
 NUMA Support: Disabled
 Compressed Oops: Enabled (32-bit)
 Heap Region Size: 1M
 Heap Min Capacity: 8M
 Heap Initial Capacity: 252M
 Heap Max Capacity: 2G
 Pre-touch: Disabled
 Parallel Workers: 10
 Concurrent Workers: 3
 Concurrent Refinement Workers: 10
 Periodic GC: Disabled
Heap:
 garbage-first heap   total 116736K, used 82896K [0x0000000080000000, 0x0000000100000000)
  region size 1024K, 4 young (4096K), 4 survivors (4096K)
 Metaspace       used 57665K, committed 59200K, reserved 1114112K
  class space    used 7880K, committed 8640K, reserved 1048576K
GC Heap History (20 events):
Event: 2.771 GC heap after
{Heap after GC invocations=4 (full 0):
 garbage-first heap   total 258048K, used 21009K [0x0000000080000000, 0x0000000100000000)
  region size 1024K, 11 young (11264K), 11 survivors (11264K)
 Metaspace       used 21139K, committed 21504K, reserved 1114112K
  class space    used 2417K, committed 2624K, reserved 1048576K
}
Event: 3.197 GC heap before
{Heap before GC invocations=5 (full 0):
 garbage-first heap   total 71680K, used 51729K [0x0000000080000000, 0x0000000100000000)
  region size 1024K, 42 young (43008K), 11 survivors (11264K)
 Metaspace       used 26977K, committed 27520K, reserved 1114112K
  class space    used 3301K, committed 3520K, reserved 1048576K
}
Event: 3.203 GC heap after
{Heap after GC invocations=6 (full 0):
 garbage-first heap   total 71680K, used 22758K [0x0000000080000000, 0x0000000100000000)
  region size 1024K, 3 young (3072K), 3 survivors (3072K)
 Metaspace       used 26977K, committed 27520K, reserved 1114112K
  class space    used 3301K, committed 3520K, reserved 1048576K
}
Event: 3.626 GC heap before
{Heap before GC invocations=6 (full 0):
 garbage-first heap   total 71680K, used 56550K [0x0000000080000000, 0x0000000100000000)
  region size 1024K, 36 young (36864K), 3 survivors (3072K)
 Metaspace       used 31487K, committed 32128K, reserved 1114112K
  class space    used 4086K, committed 4352K, reserved 1048576K
}
Event: 3.630 GC heap after
{Heap after GC invocations=7 (full 0):
 garbage-first heap   total 71680K, used 25270K [0x0000000080000000, 0x0000000100000000)
  region size 1024K, 5 young (5120K), 5 survivors (5120K)
 Metaspace       used 31487K, committed 32128K, reserved 1114112K
  class space    used 4086K, committed 4352K, reserved 1048576K
}
Event: 3.887 GC heap before
{Heap before GC invocations=7 (full 0):
 garbage-first heap   total 71680K, used 59062K [0x0000000080000000, 0x0000000100000000)
  region size 1024K, 31 young (31744K), 5 survivors (5120K)
 Metaspace       used 34941K, committed 35840K, reserved 1114112K
  class space    used 4695K, committed 5120K, reserved 1048576K
}
Event: 3.891 GC heap after
{Heap after GC invocations=8 (full 0):
 garbage-first heap   total 71680K, used 37449K [0x0000000080000000, 0x0000000100000000)
  region size 1024K, 5 young (5120K), 5 survivors (5120K)
 Metaspace       used 34941K, committed 35840K, reserved 1114112K
  class space    used 4695K, committed 5120K, reserved 1048576K
}
Event: 4.231 GC heap before
{Heap before GC invocations=9 (full 0):
 garbage-first heap   total 71680K, used 65097K [0x0000000080000000, 0x0000000100000000)
  region size 1024K, 29 young (29696K), 5 survivors (5120K)
 Metaspace       used 37911K, committed 38912K, reserved 1114112K
  class space    used 5139K, committed 5632K, reserved 1048576K
}
Event: 4.235 GC heap after
{Heap after GC invocations=10 (full 0):
 garbage-first heap   total 73728K, used 43810K [0x0000000080000000, 0x0000000100000000)
  region size 1024K, 3 young (3072K), 3 survivors (3072K)
 Metaspace       used 37911K, committed 38912K, reserved 1114112K
  class space    used 5139K, committed 5632K, reserved 1048576K
}
Event: 4.409 GC heap before
{Heap before GC invocations=10 (full 0):
 garbage-first heap   total 73728K, used 65314K [0x0000000080000000, 0x0000000100000000)
  region size 1024K, 24 young (24576K), 3 survivors (3072K)
 Metaspace       used 40456K, committed 41600K, reserved 1114112K
  class space    used 5568K, committed 6144K, reserved 1048576K
}
Event: 4.413 GC heap after
{Heap after GC invocations=11 (full 0):
 garbage-first heap   total 108544K, used 44951K [0x0000000080000000, 0x0000000100000000)
  region size 1024K, 2 young (2048K), 2 survivors (2048K)
 Metaspace       used 40456K, committed 41600K, reserved 1114112K
  class space    used 5568K, committed 6144K, reserved 1048576K
}
Event: 4.934 GC heap before
{Heap before GC invocations=11 (full 0):
 garbage-first heap   total 108544K, used 85911K [0x0000000080000000, 0x0000000100000000)
  region size 1024K, 43 young (44032K), 2 survivors (2048K)
 Metaspace       used 48654K, committed 49920K, reserved 1114112K
  class space    used 6601K, committed 7232K, reserved 1048576K
}
Event: 4.939 GC heap after
{Heap after GC invocations=12 (full 0):
 garbage-first heap   total 108544K, used 48625K [0x0000000080000000, 0x0000000100000000)
  region size 1024K, 5 young (5120K), 5 survivors (5120K)
 Metaspace       used 48654K, committed 49920K, reserved 1114112K
  class space    used 6601K, committed 7232K, reserved 1048576K
}
Event: 5.317 GC heap before
{Heap before GC invocations=12 (full 0):
 garbage-first heap   total 108544K, used 93681K [0x0000000080000000, 0x0000000100000000)
  region size 1024K, 45 young (46080K), 5 survivors (5120K)
 Metaspace       used 51795K, committed 53248K, reserved 1114112K
  class space    used 6912K, committed 7616K, reserved 1048576K
}
Event: 5.323 GC heap after
{Heap after GC invocations=13 (full 0):
 garbage-first heap   total 108544K, used 52628K [0x0000000080000000, 0x0000000100000000)
  region size 1024K, 4 young (4096K), 4 survivors (4096K)
 Metaspace       used 51795K, committed 53248K, reserved 1114112K
  class space    used 6912K, committed 7616K, reserved 1048576K
}
Event: 7.240 GC heap before
{Heap before GC invocations=13 (full 0):
 garbage-first heap   total 108544K, used 89492K [0x0000000080000000, 0x0000000100000000)
  region size 1024K, 41 young (41984K), 4 survivors (4096K)
 Metaspace       used 56182K, committed 57728K, reserved 1114112K
  class space    used 7648K, committed 8448K, reserved 1048576K
}
Event: 7.251 GC heap after
{Heap after GC invocations=14 (full 0):
 garbage-first heap   total 108544K, used 54523K [0x0000000080000000, 0x0000000100000000)
  region size 1024K, 3 young (3072K), 3 survivors (3072K)
 Metaspace       used 56182K, committed 57728K, reserved 1114112K
  class space    used 7648K, committed 8448K, reserved 1048576K
}
Event: 8.017 GC heap before
{Heap before GC invocations=15 (full 0):
 garbage-first heap   total 108544K, used 95483K [0x0000000080000000, 0x0000000100000000)
  region size 1024K, 42 young (43008K), 3 survivors (3072K)
 Metaspace       used 57095K, committed 58688K, reserved 1114112K
  class space    used 7801K, committed 8576K, reserved 1048576K
}
Event: 8.029 GC heap after
{Heap after GC invocations=16 (full 0):
 garbage-first heap   total 112640K, used 69632K [0x0000000080000000, 0x0000000100000000)
  region size 1024K, 6 young (6144K), 6 survivors (6144K)
 Metaspace       used 57095K, committed 58688K, reserved 1114112K
  class space    used 7801K, committed 8576K, reserved 1048576K
}
Event: 8.150 GC heap before
{Heap before GC invocations=16 (full 0):
 garbage-first heap   total 112640K, used 96256K [0x0000000080000000, 0x0000000100000000)
  region size 1024K, 31 young (31744K), 6 survivors (6144K)
 Metaspace       used 57665K, committed 59200K, reserved 1114112K
  class space    used 7880K, committed 8640K, reserved 1048576K
}

