# JRE version: OpenJDK Runtime Environment (21.0.5) (build 21.0.5+-13047016-b750.29)
# Java VM: OpenJDK 64-Bit Server VM (21.0.5+-13047016-b750.29, mixed mode, tiered, compressed oops, compressed class ptrs, g1 gc, windows-amd64)
GC Precious Log:
 CardTable entry size: 512
 Card Set container configuration: InlinePtr #cards 5 size 8 Array Of Cards #cards 12 size 40 Howl #buckets 4 coarsen threshold 1843 Howl Bitmap #cards 512 size 80 coarsen threshold 460 Card regions per heap region 1 cards per card region 2048
 CPUs: 12 total, 12 available
 Memory: 16027M
 Large Page Support: Disabled
 NUMA Support: Disabled
 Compressed Oops: Enabled (32-bit)
 Heap Region Size: 1M
 Heap Min Capacity: 8M
 Heap Initial Capacity: 252M
 Heap Max Capacity: 2G
 Pre-touch: Disabled
 Parallel Workers: 10
 Concurrent Workers: 3
 Concurrent Refinement Workers: 10
 Periodic GC: Disabled
Heap:
 garbage-first heap   total 411648K, used 269476K [0x0000000080000000, 0x0000000100000000)
  region size 1024K, 40 young (40960K), 16 survivors (16384K)
 Metaspace       used 193060K, committed 195776K, reserved 1245184K
  class space    used 24325K, committed 25664K, reserved 1048576K
GC Heap History (20 events):
Event: 71.094 GC heap before
{Heap before GC invocations=53 (full 0):
 garbage-first heap   total 339968K, used 272180K [0x0000000080000000, 0x0000000100000000)
  region size 1024K, 78 young (79872K), 10 survivors (10240K)
 Metaspace       used 163346K, committed 165824K, reserved 1245184K
  class space    used 20439K, committed 21696K, reserved 1048576K
}
Event: 71.101 GC heap after
{Heap after GC invocations=54 (full 0):
 garbage-first heap   total 339968K, used 207208K [0x0000000080000000, 0x0000000100000000)
  region size 1024K, 5 young (5120K), 5 survivors (5120K)
 Metaspace       used 163346K, committed 165824K, reserved 1245184K
  class space    used 20439K, committed 21696K, reserved 1048576K
}
Event: 74.752 GC heap before
{Heap before GC invocations=54 (full 0):
 garbage-first heap   total 339968K, used 310632K [0x0000000080000000, 0x0000000100000000)
  region size 1024K, 105 young (107520K), 5 survivors (5120K)
 Metaspace       used 170663K, committed 173184K, reserved 1245184K
  class space    used 21633K, committed 22912K, reserved 1048576K
}
Event: 74.757 GC heap after
{Heap after GC invocations=55 (full 0):
 garbage-first heap   total 339968K, used 211321K [0x0000000080000000, 0x0000000100000000)
  region size 1024K, 8 young (8192K), 8 survivors (8192K)
 Metaspace       used 170663K, committed 173184K, reserved 1245184K
  class space    used 21633K, committed 22912K, reserved 1048576K
}
Event: 81.085 GC heap before
{Heap before GC invocations=55 (full 0):
 garbage-first heap   total 339968K, used 331129K [0x0000000080000000, 0x0000000100000000)
  region size 1024K, 107 young (109568K), 8 survivors (8192K)
 Metaspace       used 179527K, committed 182144K, reserved 1245184K
  class space    used 22731K, committed 24064K, reserved 1048576K
}
Event: 81.100 GC heap after
{Heap after GC invocations=56 (full 0):
 garbage-first heap   total 354304K, used 227757K [0x0000000080000000, 0x0000000100000000)
  region size 1024K, 14 young (14336K), 14 survivors (14336K)
 Metaspace       used 179527K, committed 182144K, reserved 1245184K
  class space    used 22731K, committed 24064K, reserved 1048576K
}
Event: 83.574 GC heap before
{Heap before GC invocations=56 (full 0):
 garbage-first heap   total 354304K, used 319917K [0x0000000080000000, 0x0000000100000000)
  region size 1024K, 105 young (107520K), 14 survivors (14336K)
 Metaspace       used 179532K, committed 182144K, reserved 1245184K
  class space    used 22732K, committed 24064K, reserved 1048576K
}
Event: 83.584 GC heap after
{Heap after GC invocations=57 (full 0):
 garbage-first heap   total 354304K, used 234090K [0x0000000080000000, 0x0000000100000000)
  region size 1024K, 6 young (6144K), 6 survivors (6144K)
 Metaspace       used 179532K, committed 182144K, reserved 1245184K
  class space    used 22732K, committed 24064K, reserved 1048576K
}
Event: 86.394 GC heap before
{Heap before GC invocations=58 (full 0):
 garbage-first heap   total 391168K, used 327274K [0x0000000080000000, 0x0000000100000000)
  region size 1024K, 97 young (99328K), 6 survivors (6144K)
 Metaspace       used 179532K, committed 182144K, reserved 1245184K
  class space    used 22732K, committed 24064K, reserved 1048576K
}
Event: 86.398 GC heap after
{Heap after GC invocations=59 (full 0):
 garbage-first heap   total 391168K, used 236645K [0x0000000080000000, 0x0000000100000000)
  region size 1024K, 9 young (9216K), 9 survivors (9216K)
 Metaspace       used 179532K, committed 182144K, reserved 1245184K
  class space    used 22732K, committed 24064K, reserved 1048576K
}
Event: 91.269 GC heap before
{Heap before GC invocations=59 (full 0):
 garbage-first heap   total 391168K, used 360549K [0x0000000080000000, 0x0000000100000000)
  region size 1024K, 130 young (133120K), 9 survivors (9216K)
 Metaspace       used 179532K, committed 182144K, reserved 1245184K
  class space    used 22732K, committed 24064K, reserved 1048576K
}
Event: 91.278 GC heap after
{Heap after GC invocations=60 (full 0):
 garbage-first heap   total 391168K, used 237435K [0x0000000080000000, 0x0000000100000000)
  region size 1024K, 14 young (14336K), 14 survivors (14336K)
 Metaspace       used 179532K, committed 182144K, reserved 1245184K
  class space    used 22732K, committed 24064K, reserved 1048576K
}
Event: 94.788 GC heap before
{Heap before GC invocations=60 (full 0):
 garbage-first heap   total 391168K, used 355195K [0x0000000080000000, 0x0000000100000000)
  region size 1024K, 129 young (132096K), 14 survivors (14336K)
 Metaspace       used 179532K, committed 182144K, reserved 1245184K
  class space    used 22732K, committed 24064K, reserved 1048576K
}
Event: 94.796 GC heap after
{Heap after GC invocations=61 (full 0):
 garbage-first heap   total 391168K, used 242405K [0x0000000080000000, 0x0000000100000000)
  region size 1024K, 12 young (12288K), 12 survivors (12288K)
 Metaspace       used 179532K, committed 182144K, reserved 1245184K
  class space    used 22732K, committed 24064K, reserved 1048576K
}
Event: 97.136 GC heap before
{Heap before GC invocations=62 (full 0):
 garbage-first heap   total 393216K, used 350949K [0x0000000080000000, 0x0000000100000000)
  region size 1024K, 125 young (128000K), 12 survivors (12288K)
 Metaspace       used 179532K, committed 182144K, reserved 1245184K
  class space    used 22732K, committed 24064K, reserved 1048576K
}
Event: 97.143 GC heap after
{Heap after GC invocations=63 (full 0):
 garbage-first heap   total 393216K, used 239250K [0x0000000080000000, 0x0000000100000000)
  region size 1024K, 11 young (11264K), 11 survivors (11264K)
 Metaspace       used 179532K, committed 182144K, reserved 1245184K
  class space    used 22732K, committed 24064K, reserved 1048576K
}
Event: 101.667 GC heap before
{Heap before GC invocations=63 (full 0):
 garbage-first heap   total 393216K, used 362130K [0x0000000080000000, 0x0000000100000000)
  region size 1024K, 130 young (133120K), 11 survivors (11264K)
 Metaspace       used 185318K, committed 187968K, reserved 1245184K
  class space    used 23460K, committed 24768K, reserved 1048576K
}
Event: 101.675 GC heap after
{Heap after GC invocations=64 (full 0):
 garbage-first heap   total 393216K, used 236807K [0x0000000080000000, 0x0000000100000000)
  region size 1024K, 12 young (12288K), 12 survivors (12288K)
 Metaspace       used 185318K, committed 187968K, reserved 1245184K
  class space    used 23460K, committed 24768K, reserved 1048576K
}
Event: 107.958 GC heap before
{Heap before GC invocations=64 (full 0):
 garbage-first heap   total 393216K, used 358663K [0x0000000080000000, 0x0000000100000000)
  region size 1024K, 132 young (135168K), 12 survivors (12288K)
 Metaspace       used 192835K, committed 195520K, reserved 1245184K
  class space    used 24305K, committed 25664K, reserved 1048576K
}
Event: 107.971 GC heap after
{Heap after GC invocations=65 (full 0):
 garbage-first heap   total 393216K, used 245924K [0x0000000080000000, 0x0000000100000000)
  region size 1024K, 16 young (16384K), 16 survivors (16384K)
 Metaspace       used 192835K, committed 195520K, reserved 1245184K
  class space    used 24305K, committed 25664K, reserved 1048576K
}

