# JRE version: OpenJDK Runtime Environment (21.0.5) (build 21.0.5+-13047016-b750.29)
# Java VM: OpenJDK 64-Bit Server VM (21.0.5+-13047016-b750.29, mixed mode, tiered, compressed oops, compressed class ptrs, g1 gc, windows-amd64)
GC Precious Log:
 CardTable entry size: 512
 Card Set container configuration: InlinePtr #cards 5 size 8 Array Of Cards #cards 12 size 40 Howl #buckets 4 coarsen threshold 1843 Howl Bitmap #cards 512 size 80 coarsen threshold 460 Card regions per heap region 1 cards per card region 2048
 CPUs: 12 total, 12 available
 Memory: 16027M
 Large Page Support: Disabled
 NUMA Support: Disabled
 Compressed Oops: Enabled (32-bit)
 Heap Region Size: 1M
 Heap Min Capacity: 8M
 Heap Initial Capacity: 252M
 Heap Max Capacity: 2G
 Pre-touch: Disabled
 Parallel Workers: 10
 Concurrent Workers: 3
 Concurrent Refinement Workers: 10
 Periodic GC: Disabled
Heap:
 garbage-first heap   total 331776K, used 211716K [0x0000000080000000, 0x0000000100000000)
  region size 1024K, 8 young (8192K), 8 survivors (8192K)
 Metaspace       used 65115K, committed 66624K, reserved 1114112K
  class space    used 8766K, committed 9536K, reserved 1048576K
GC Heap History (20 events):
Event: 9.563 GC heap after
{Heap after GC invocations=34 (full 0):
 garbage-first heap   total 227328K, used 75421K [0x0000000080000000, 0x0000000100000000)
  region size 1024K, 3 young (3072K), 3 survivors (3072K)
 Metaspace       used 64246K, committed 65728K, reserved 1114112K
  class space    used 8711K, committed 9472K, reserved 1048576K
}
Event: 9.696 GC heap before
{Heap before GC invocations=34 (full 0):
 garbage-first heap   total 227328K, used 167581K [0x0000000080000000, 0x0000000100000000)
  region size 1024K, 94 young (96256K), 3 survivors (3072K)
 Metaspace       used 64284K, committed 65856K, reserved 1114112K
  class space    used 8715K, committed 9472K, reserved 1048576K
}
Event: 9.698 GC heap after
{Heap after GC invocations=35 (full 0):
 garbage-first heap   total 227328K, used 71538K [0x0000000080000000, 0x0000000100000000)
  region size 1024K, 1 young (1024K), 1 survivors (1024K)
 Metaspace       used 64284K, committed 65856K, reserved 1114112K
  class space    used 8715K, committed 9472K, reserved 1048576K
}
Event: 10.231 GC heap before
{Heap before GC invocations=36 (full 0):
 garbage-first heap   total 227328K, used 208754K [0x0000000080000000, 0x0000000100000000)
  region size 1024K, 133 young (136192K), 1 survivors (1024K)
 Metaspace       used 64731K, committed 66304K, reserved 1114112K
  class space    used 8762K, committed 9536K, reserved 1048576K
}
Event: 10.236 GC heap after
{Heap after GC invocations=37 (full 0):
 garbage-first heap   total 227328K, used 77249K [0x0000000080000000, 0x0000000100000000)
  region size 1024K, 5 young (5120K), 5 survivors (5120K)
 Metaspace       used 64731K, committed 66304K, reserved 1114112K
  class space    used 8762K, committed 9536K, reserved 1048576K
}
Event: 10.456 GC heap before
{Heap before GC invocations=37 (full 0):
 garbage-first heap   total 227328K, used 213441K [0x0000000080000000, 0x0000000100000000)
  region size 1024K, 133 young (136192K), 5 survivors (5120K)
 Metaspace       used 64784K, committed 66304K, reserved 1114112K
  class space    used 8766K, committed 9536K, reserved 1048576K
}
Event: 10.464 GC heap after
{Heap after GC invocations=38 (full 0):
 garbage-first heap   total 229376K, used 90661K [0x0000000080000000, 0x0000000100000000)
  region size 1024K, 12 young (12288K), 12 survivors (12288K)
 Metaspace       used 64784K, committed 66304K, reserved 1114112K
  class space    used 8766K, committed 9536K, reserved 1048576K
}
Event: 10.621 GC heap before
{Heap before GC invocations=38 (full 0):
 garbage-first heap   total 229376K, used 203301K [0x0000000080000000, 0x0000000100000000)
  region size 1024K, 122 young (124928K), 12 survivors (12288K)
 Metaspace       used 64787K, committed 66304K, reserved 1114112K
  class space    used 8766K, committed 9536K, reserved 1048576K
}
Event: 10.627 GC heap after
{Heap after GC invocations=39 (full 0):
 garbage-first heap   total 229376K, used 96766K [0x0000000080000000, 0x0000000100000000)
  region size 1024K, 14 young (14336K), 14 survivors (14336K)
 Metaspace       used 64787K, committed 66304K, reserved 1114112K
  class space    used 8766K, committed 9536K, reserved 1048576K
}
Event: 10.797 GC heap before
{Heap before GC invocations=40 (full 0):
 garbage-first heap   total 229376K, used 201214K [0x0000000080000000, 0x0000000100000000)
  region size 1024K, 116 young (118784K), 14 survivors (14336K)
 Metaspace       used 64787K, committed 66304K, reserved 1114112K
  class space    used 8766K, committed 9536K, reserved 1048576K
}
Event: 10.803 GC heap after
{Heap after GC invocations=41 (full 0):
 garbage-first heap   total 275456K, used 96839K [0x0000000080000000, 0x0000000100000000)
  region size 1024K, 13 young (13312K), 13 survivors (13312K)
 Metaspace       used 64787K, committed 66304K, reserved 1114112K
  class space    used 8766K, committed 9536K, reserved 1048576K
}
Event: 11.192 GC heap before
{Heap before GC invocations=41 (full 0):
 garbage-first heap   total 275456K, used 252487K [0x0000000080000000, 0x0000000100000000)
  region size 1024K, 160 young (163840K), 13 survivors (13312K)
 Metaspace       used 64956K, committed 66560K, reserved 1114112K
  class space    used 8766K, committed 9536K, reserved 1048576K
}
Event: 11.230 GC heap after
{Heap after GC invocations=42 (full 0):
 garbage-first heap   total 331776K, used 166370K [0x0000000080000000, 0x0000000100000000)
  region size 1024K, 20 young (20480K), 20 survivors (20480K)
 Metaspace       used 64956K, committed 66560K, reserved 1114112K
  class space    used 8766K, committed 9536K, reserved 1048576K
}
Event: 11.255 GC heap before
{Heap before GC invocations=42 (full 0):
 garbage-first heap   total 331776K, used 189922K [0x0000000080000000, 0x0000000100000000)
  region size 1024K, 45 young (46080K), 20 survivors (20480K)
 Metaspace       used 64965K, committed 66560K, reserved 1114112K
  class space    used 8766K, committed 9536K, reserved 1048576K
}
Event: 11.267 GC heap after
{Heap after GC invocations=43 (full 0):
 garbage-first heap   total 331776K, used 174922K [0x0000000080000000, 0x0000000100000000)
  region size 1024K, 7 young (7168K), 7 survivors (7168K)
 Metaspace       used 64965K, committed 66560K, reserved 1114112K
  class space    used 8766K, committed 9536K, reserved 1048576K
}
Event: 11.430 GC heap before
{Heap before GC invocations=44 (full 0):
 garbage-first heap   total 331776K, used 280394K [0x0000000080000000, 0x0000000100000000)
  region size 1024K, 115 young (117760K), 7 survivors (7168K)
 Metaspace       used 65024K, committed 66560K, reserved 1114112K
  class space    used 8766K, committed 9536K, reserved 1048576K
}
Event: 11.439 GC heap after
{Heap after GC invocations=45 (full 0):
 garbage-first heap   total 331776K, used 184800K [0x0000000080000000, 0x0000000100000000)
  region size 1024K, 15 young (15360K), 15 survivors (15360K)
 Metaspace       used 65024K, committed 66560K, reserved 1114112K
  class space    used 8766K, committed 9536K, reserved 1048576K
}
Event: 11.568 GC heap before
{Heap before GC invocations=45 (full 0):
 garbage-first heap   total 331776K, used 289248K [0x0000000080000000, 0x0000000100000000)
  region size 1024K, 116 young (118784K), 15 survivors (15360K)
 Metaspace       used 65106K, committed 66624K, reserved 1114112K
  class space    used 8766K, committed 9536K, reserved 1048576K
}
Event: 11.585 GC heap after
{Heap after GC invocations=46 (full 0):
 garbage-first heap   total 331776K, used 201872K [0x0000000080000000, 0x0000000100000000)
  region size 1024K, 15 young (15360K), 15 survivors (15360K)
 Metaspace       used 65106K, committed 66624K, reserved 1114112K
  class space    used 8766K, committed 9536K, reserved 1048576K
}
Event: 11.627 GC heap before
{Heap before GC invocations=46 (full 0):
 garbage-first heap   total 331776K, used 227472K [0x0000000080000000, 0x0000000100000000)
  region size 1024K, 42 young (43008K), 15 survivors (15360K)
 Metaspace       used 65115K, committed 66624K, reserved 1114112K
  class space    used 8766K, committed 9536K, reserved 1048576K
}

